<?xml version="1.0" encoding="UTF-8"?>
<!-- Generated by org.testng.reporters.JUnitReportReporter -->
<testsuite hostname="DESKTOP-800NKDB" failures="0" tests="1" name="runner.TestRunnerViaoLaptop" time="26.078" errors="0" timestamp="2020-12-16T23:44:45 IST" skipped="0">
  <testcase classname="runner.TestRunnerViaoLaptop" name="runScenario" time="26.078"/>
</testsuite> <!-- runner.TestRunnerViaoLaptop -->
