<?xml version="1.0" encoding="UTF-8"?>
<!-- Generated by org.testng.reporters.JUnitReportReporter -->
<testsuite hostname="LAPTOP-APTMKQJM" failures="0" tests="2" name="runner.TestRunner" time="14.793" errors="0" timestamp="2022-03-30T20:32:11 IST" skipped="0">
  <testcase classname="runner.TestRunner" name="runScenario" time="7.633"/>
  <testcase classname="runner.TestRunner" name="runScenario" time="7.160"/>
</testsuite> <!-- runner.TestRunner -->
