<?xml version="1.0" encoding="UTF-8"?>
<!-- Generated by org.testng.reporters.JUnitReportReporter -->
<testsuite hostname="DESKTOP-800NKDB" failures="0" tests="1" name="runner.TestRunnerSamsungGalaxy" time="26.913" errors="0" timestamp="2020-12-16T23:43:42 IST" skipped="0">
  <testcase classname="runner.TestRunnerSamsungGalaxy" name="runScenario" time="26.913"/>
</testsuite> <!-- runner.TestRunnerSamsungGalaxy -->
